<?xml version="1.0" encoding="UTF-8"?>
<testsuite xmlns:xsi="http://www.w3.org/2001/XMLSchema-instance" xsi:noNamespaceSchemaLocation="https://maven.apache.org/surefire/maven-surefire-plugin/xsd/surefire-test-report.xsd" name="com.cucumber.runner.Runner1" time="16.299" tests="17" errors="0" skipped="0" failures="0">
  <properties>
[...]
</properties>
  <testcase name="Given user is already on login page" classname="Scenario: login_page" time="0.001"/>
  <testcase name="When username is given" classname="Scenario: login_page" time="0"/>
  <testcase name="Then password is given" classname="Scenario: login_page" time="0"/>
  <testcase name="Then click login button" classname="Scenario: login_page" time="0"/>
  <testcase name="Scenario: login_page" classname="Scenario: login_page" time="0"/>
  <testcase name="Given Give the location &quot;value&quot; &quot;Sydney&quot;" classname="Scenario: Search the hotel" time="0"/>
  <testcase name="Then Give the hotel &quot;value&quot; &quot;Hotel Hervey&quot;" classname="Scenario: Search the hotel" time="0"/>
  <testcase name="Then Room type &quot;value&quot; &quot;Double&quot;" classname="Scenario: Search the hotel" time="0"/>
  <testcase name="Then No of rooms &quot;value&quot; &quot;2&quot;" classname="Scenario: Search the hotel" time="0"/>
  <testcase name="Then Clear value" classname="Scenario: Search the hotel" time="0"/>
  <testcase name="Then Check in date &quot;25/02/2021&quot;" classname="Scenario: Search the hotel" time="0"/>
  <testcase name="Then Clear value2" classname="Scenario: Search the hotel" time="0"/>
  <testcase name="Then check out date &quot;28/02/2021&quot;" classname="Scenario: Search the hotel" time="0"/>
  <testcase name="Then Adult room &quot;int&quot; &quot;2&quot;" classname="Scenario: Search the hotel" time="0"/>
  <testcase name="Then Child room &quot;int&quot; &quot;2&quot;" classname="Scenario: Search the hotel" time="0"/>
  <testcase name="Then Submit" classname="Scenario: Search the hotel" time="0"/>
  <testcase name="Scenario: Search the hotel" classname="Scenario: Search the hotel" time="0"/>
</testsuite>